# JRE version: Java(TM) SE Runtime Environment (8.0_241-b07) (build 1.8.0_241-b07)
# Java VM: Java HotSpot(TM) 64-Bit Server VM (25.241-b07 mixed mode windows-amd64 compressed oops)
Heap:
 PSYoungGen      total 498176K, used 180542K [0x000000076ab00000, 0x000000078be80000, 0x00000007c0000000)
  eden space 463872K, 38% used [0x000000076ab00000,0x0000000775b4f9c8,0x0000000787000000)
  from space 34304K, 0% used [0x0000000789380000,0x0000000789380000,0x000000078b500000)
  to   space 36352K, 0% used [0x0000000787000000,0x0000000787000000,0x0000000789380000)
 ParOldGen       total 99840K, used 93591K [0x00000006c0000000, 0x00000006c6180000, 0x000000076ab00000)
  object space 99840K, 93% used [0x00000006c0000000,0x00000006c5b65f00,0x00000006c6180000)
 Metaspace       used 89927K, capacity 95636K, committed 96216K, reserved 1132544K
  class space    used 12500K, capacity 13674K, committed 13784K, reserved 1048576K
GC Heap History (10 events):
Event: 22.749 GC heap before
{Heap before GC invocations=16 (full 3):
 PSYoungGen      total 246784K, used 12250K [0x000000076ab00000, 0x0000000781f00000, 0x00000007c0000000)
  eden space 231424K, 0% used [0x000000076ab00000,0x000000076ab00000,0x0000000778d00000)
  from space 15360K, 79% used [0x0000000778d00000,0x00000007798f6928,0x0000000779c00000)
  to   space 16384K, 0% used [0x0000000780f00000,0x0000000780f00000,0x0000000781f00000)
 ParOldGen       total 67584K, used 30812K [0x00000006c0000000, 0x00000006c4200000, 0x000000076ab00000)
  object space 67584K, 45% used [0x00000006c0000000,0x00000006c1e17040,0x00000006c4200000)
 Metaspace       used 56165K, capacity 59034K, committed 59096K, reserved 1099776K
  class space    used 7768K, capacity 8384K, committed 8408K, reserved 1048576K
Event: 22.953 GC heap after
Heap after GC invocations=16 (full 3):
 PSYoungGen      total 246784K, used 0K [0x000000076ab00000, 0x0000000781f00000, 0x00000007c0000000)
  eden space 231424K, 0% used [0x000000076ab00000,0x000000076ab00000,0x0000000778d00000)
  from space 15360K, 0% used [0x0000000778d00000,0x0000000778d00000,0x0000000779c00000)
  to   space 16384K, 0% used [0x0000000780f00000,0x0000000780f00000,0x0000000781f00000)
 ParOldGen       total 99840K, used 38180K [0x00000006c0000000, 0x00000006c6180000, 0x000000076ab00000)
  object space 99840K, 38% used [0x00000006c0000000,0x00000006c2549310,0x00000006c6180000)
 Metaspace       used 56113K, capacity 58860K, committed 59096K, reserved 1099776K
  class space    used 7752K, capacity 8355K, committed 8408K, reserved 1048576K
}
Event: 25.611 GC heap before
{Heap before GC invocations=17 (full 3):
 PSYoungGen      total 246784K, used 231424K [0x000000076ab00000, 0x0000000781f00000, 0x00000007c0000000)
  eden space 231424K, 100% used [0x000000076ab00000,0x0000000778d00000,0x0000000778d00000)
  from space 15360K, 0% used [0x0000000778d00000,0x0000000778d00000,0x0000000779c00000)
  to   space 16384K, 0% used [0x0000000780f00000,0x0000000780f00000,0x0000000781f00000)
 ParOldGen       total 99840K, used 38180K [0x00000006c0000000, 0x00000006c6180000, 0x000000076ab00000)
  object space 99840K, 38% used [0x00000006c0000000,0x00000006c2549310,0x00000006c6180000)
 Metaspace       used 66333K, capacity 70396K, committed 70488K, reserved 1110016K
  class space    used 9421K, capacity 10262K, committed 10328K, reserved 1048576K
Event: 25.632 GC heap after
Heap after GC invocations=17 (full 3):
 PSYoungGen      total 346624K, used 16375K [0x000000076ab00000, 0x0000000781f00000, 0x00000007c0000000)
  eden space 330240K, 0% used [0x000000076ab00000,0x000000076ab00000,0x000000077ed80000)
  from space 16384K, 99% used [0x0000000780f00000,0x0000000781efdd58,0x0000000781f00000)
  to   space 21504K, 0% used [0x000000077f500000,0x000000077f500000,0x0000000780a00000)
 ParOldGen       total 99840K, used 46329K [0x00000006c0000000, 0x00000006c6180000, 0x000000076ab00000)
  object space 99840K, 46% used [0x00000006c0000000,0x00000006c2d3e418,0x00000006c6180000)
 Metaspace       used 66333K, capacity 70396K, committed 70488K, reserved 1110016K
  class space    used 9421K, capacity 10262K, committed 10328K, reserved 1048576K
}
Event: 29.630 GC heap before
{Heap before GC invocations=18 (full 3):
 PSYoungGen      total 346624K, used 346615K [0x000000076ab00000, 0x0000000781f00000, 0x00000007c0000000)
  eden space 330240K, 100% used [0x000000076ab00000,0x000000077ed80000,0x000000077ed80000)
  from space 16384K, 99% used [0x0000000780f00000,0x0000000781efdd58,0x0000000781f00000)
  to   space 21504K, 0% used [0x000000077f500000,0x000000077f500000,0x0000000780a00000)
 ParOldGen       total 99840K, used 46329K [0x00000006c0000000, 0x00000006c6180000, 0x000000076ab00000)
  object space 99840K, 46% used [0x00000006c0000000,0x00000006c2d3e418,0x00000006c6180000)
 Metaspace       used 80811K, capacity 86306K, committed 86360K, reserved 1122304K
  class space    used 11461K, capacity 12581K, committed 12632K, reserved 1048576K
Event: 29.690 GC heap after
Heap after GC invocations=18 (full 3):
 PSYoungGen      total 359424K, used 21473K [0x000000076ab00000, 0x000000078b500000, 0x00000007c0000000)
  eden space 337920K, 0% used [0x000000076ab00000,0x000000076ab00000,0x000000077f500000)
  from space 21504K, 99% used [0x000000077f500000,0x00000007809f84e0,0x0000000780a00000)
  to   space 34304K, 0% used [0x0000000789380000,0x0000000789380000,0x000000078b500000)
 ParOldGen       total 99840K, used 73082K [0x00000006c0000000, 0x00000006c6180000, 0x000000076ab00000)
  object space 99840K, 73% used [0x00000006c0000000,0x00000006c475e888,0x00000006c6180000)
 Metaspace       used 80811K, capacity 86306K, committed 86360K, reserved 1122304K
  class space    used 11461K, capacity 12581K, committed 12632K, reserved 1048576K
}
Event: 33.653 GC heap before
{Heap before GC invocations=19 (full 3):
 PSYoungGen      total 359424K, used 359393K [0x000000076ab00000, 0x000000078b500000, 0x00000007c0000000)
  eden space 337920K, 100% used [0x000000076ab00000,0x000000077f500000,0x000000077f500000)
  from space 21504K, 99% used [0x000000077f500000,0x00000007809f84e0,0x0000000780a00000)
  to   space 34304K, 0% used [0x0000000789380000,0x0000000789380000,0x000000078b500000)
 ParOldGen       total 99840K, used 73082K [0x00000006c0000000, 0x00000006c6180000, 0x000000076ab00000)
  object space 99840K, 73% used [0x00000006c0000000,0x00000006c475e888,0x00000006c6180000)
 Metaspace       used 86291K, capacity 92410K, committed 92504K, reserved 1128448K
  class space    used 12120K, capacity 13331K, committed 13400K, reserved 1048576K
Event: 33.704 GC heap after
Heap after GC invocations=19 (full 3):
 PSYoungGen      total 498176K, used 24729K [0x000000076ab00000, 0x000000078be80000, 0x00000007c0000000)
  eden space 463872K, 0% used [0x000000076ab00000,0x000000076ab00000,0x0000000787000000)
  from space 34304K, 72% used [0x0000000789380000,0x000000078aba6530,0x000000078b500000)
  to   space 36352K, 0% used [0x0000000787000000,0x0000000787000000,0x0000000789380000)
 ParOldGen       total 99840K, used 93226K [0x00000006c0000000, 0x00000006c6180000, 0x000000076ab00000)
  object space 99840K, 93% used [0x00000006c0000000,0x00000006c5b0a8a8,0x00000006c6180000)
 Metaspace       used 86291K, capacity 92410K, committed 92504K, reserved 1128448K
  class space    used 12120K, capacity 13331K, committed 13400K, reserved 1048576K
}
Event: 33.704 GC heap before
{Heap before GC invocations=20 (full 4):
 PSYoungGen      total 498176K, used 24729K [0x000000076ab00000, 0x000000078be80000, 0x00000007c0000000)
  eden space 463872K, 0% used [0x000000076ab00000,0x000000076ab00000,0x0000000787000000)
  from space 34304K, 72% used [0x0000000789380000,0x000000078aba6530,0x000000078b500000)
  to   space 36352K, 0% used [0x0000000787000000,0x0000000787000000,0x0000000789380000)
 ParOldGen       total 99840K, used 93226K [0x00000006c0000000, 0x00000006c6180000, 0x000000076ab00000)
  object space 99840K, 93% used [0x00000006c0000000,0x00000006c5b0a8a8,0x00000006c6180000)
 Metaspace       used 86291K, capacity 92410K, committed 92504K, reserved 1128448K
  class space    used 12120K, capacity 13331K, committed 13400K, reserved 1048576K
Event: 34.738 GC heap after
Heap after GC invocations=20 (full 4):
 PSYoungGen      total 498176K, used 0K [0x000000076ab00000, 0x000000078be80000, 0x00000007c0000000)
  eden space 463872K, 0% used [0x000000076ab00000,0x000000076ab00000,0x0000000787000000)
  from space 34304K, 0% used [0x0000000789380000,0x0000000789380000,0x000000078b500000)
  to   space 36352K, 0% used [0x0000000787000000,0x0000000787000000,0x0000000789380000)
 ParOldGen       total 99840K, used 93591K [0x00000006c0000000, 0x00000006c6180000, 0x000000076ab00000)
  object space 99840K, 93% used [0x00000006c0000000,0x00000006c5b65f00,0x00000006c6180000)
 Metaspace       used 86054K, capacity 91716K, committed 92504K, reserved 1128448K
  class space    used 12044K, capacity 13202K, committed 13400K, reserved 1048576K
}

